Arguments: 
  /Users/cadu/.nvm/versions/node/v16.15.1/bin/node /Users/cadu/.node/corepack/yarn/1.22.15/bin/yarn.js init

PATH: 
  /Users/cadu/.rvm/gems/ruby-2.2.3/bin:/Users/cadu/.rvm/gems/ruby-2.2.3@global/bin:/Users/cadu/.rvm/rubies/ruby-2.2.3/bin:/Users/cadu/Library/pnpm:/Users/cadu/.nvm/versions/node/v16.15.1/bin:/usr/local/bin:/usr/bin:/bin:/usr/sbin:/sbin:/usr/local/php5/bin:/Library/TeX/texbin:/usr/local/go/bin:/Library/Frameworks/Mono.framework/Versions/Current/Commands:/Users/cadu/.rvm/gems/ruby-2.2.3/bin:/Users/cadu/.rvm/gems/ruby-2.2.3@global/bin:/Users/cadu/.rvm/rubies/ruby-2.2.3/bin:/Users/cadu/Library/pnpm:/Users/cadu/.nvm/versions/node/v16.15.1/bin:/Users/cadu/.cargo/bin:/Users/cadu/.fig/bin:/Users/cadu/.rvm/bin

Yarn version: 
  1.22.15

Node version: 
  16.15.1

Platform: 
  darwin x64

Trace: 
  Error: canceled
      at Interface.<anonymous> (/Users/cadu/.node/corepack/yarn/1.22.15/lib/cli.js:137145:13)
      at Interface.emit (node:events:527:28)
      at Interface._ttyWrite (node:readline:1081:16)
      at ReadStream.onkeypress (node:readline:288:10)
      at ReadStream.emit (node:events:527:28)
      at emitKeys (node:internal/readline/utils:358:14)
      at emitKeys.next (<anonymous>)
      at ReadStream.onData (node:internal/readline/emitKeypressEvents:61:36)
      at ReadStream.emit (node:events:527:28)
      at addChunk (node:internal/streams/readable:315:12)

npm manifest: 
  No manifest

yarn manifest: 
  No manifest

Lockfile: 
  No lockfile
